<?xml version="1.0" encoding="UTF-8"?><testsuite errors="0" failures="0" name="com.herokuapp.restful.crudtests.CRUDtests" skipped="0" tests="4" time="6.02" timestamp="2022-06-07T21:41:50.847+01:00[Europe/London]"><testcase classname="com.herokuapp.restful.crudtests.CRUDtests" name="This will set authentication of user"/><testcase classname="com.herokuapp.restful.crudtests.CRUDtests" name="This test will Create a new booking of user"/><testcase classname="com.herokuapp.restful.crudtests.CRUDtests" name="This test will Update a booking"/><testcase classname="com.herokuapp.restful.crudtests.CRUDtests" name="This will Deleted a user"/></testsuite>